[2024-12-12T23:29:30.369Z] info:  GET /spotify/connect   -  ms

[2024-12-12T23:31:28.772Z] info:  GET /spotify/connect   -  ms

[2024-12-12T23:31:35.892Z] info:  GET /spotify/connect   -  ms

[2024-12-12T23:32:09.634Z] info:  GET /spotify/connect   -  ms

[2024-12-12T23:33:44.344Z] info:  GET /spotify/connect   -  ms

[2024-12-12T23:34:09.104Z] info:  GET /spotify/connect   -  ms

[2024-12-12T23:34:46.222Z] info:  GET /spotify/connect   -  ms

[2024-12-12T23:42:24.213Z] info:  GET /spotify/connect   -  ms

[2024-12-12T23:50:32.351Z] info:  GET /spotify/connect   -  ms

[2024-12-12T23:50:58.162Z] info:  GET /spotify/connect   -  ms

[2024-12-13T00:15:12.720Z] info:  GET /spotify/connect   -  ms

[2024-12-13T00:15:45.968Z] info:  GET /spotify/connect   -  ms

[2024-12-13T12:30:37.008Z] info:  GET /spotify/connect   -  ms

[2024-12-13T12:30:40.233Z] info:  GET /spotify/connect   -  ms

[2024-12-13T12:30:40.709Z] info:  GET /spotify/callback?code=AQA_PgXyF7xE6Jl2mEIXbnGm7870nR4vnzG2t52nme4SuMbNAOiGYqlGZ33KRzmkqItm7O85oCEpn4-bedKR5GPNAyLnKjMoDaemUJAJQ1LZ-J_-Q4IuiG1QSnLGxWmS95nNjhwvVmpZeXPrja-WGPbmZAmm7NgPt7WESx27OXLtDgV79bNUgqWdToI6WQ3qBDLjqyxvD5gGPM7EuoZWe-qAgF6Rqj9bRKDbLvho&state=778ae27444414626   -  ms

[2024-12-13T12:36:43.737Z] info:  GET /spotify/connect   -  ms

[2024-12-13T12:36:45.159Z] info:  GET /spotify/connect   -  ms

[2024-12-13T12:36:45.516Z] info:  GET /spotify/callback?code=AQAcUV25vZj7xe9Kr1KCR5GvC43KOfBtMeL3aDiA8fvt9fJMx73lt-T5BhHlIOEMaCVrnSRCqt5XbJG6qMlwQVHop8AZ5N0-keLmGHM88ZbyMrNh0zmwys-nb5FPXXzt9VretxQyguYCKnwjlACJ15Yjfh3xzjF_O9xiY811fmfpYkBR2od_0U2jJRe842VVmGrYN8BVsciE77LgxpigOXSRo3UPZi65ds8ExFyU&state=36b660c4d26fbca5   -  ms

[2024-12-13T12:38:21.633Z] info:  GET /spotify/callback?code=AQAcUV25vZj7xe9Kr1KCR5GvC43KOfBtMeL3aDiA8fvt9fJMx73lt-T5BhHlIOEMaCVrnSRCqt5XbJG6qMlwQVHop8AZ5N0-keLmGHM88ZbyMrNh0zmwys-nb5FPXXzt9VretxQyguYCKnwjlACJ15Yjfh3xzjF_O9xiY811fmfpYkBR2od_0U2jJRe842VVmGrYN8BVsciE77LgxpigOXSRo3UPZi65ds8ExFyU&state=36b660c4d26fbca5   -  ms

[2024-12-13T12:38:21.652Z] error:  GET /spotify/callback?code=AQAcUV25vZj7xe9Kr1KCR5GvC43KOfBtMeL3aDiA8fvt9fJMx73lt-T5BhHlIOEMaCVrnSRCqt5XbJG6qMlwQVHop8AZ5N0-keLmGHM88ZbyMrNh0zmwys-nb5FPXXzt9VretxQyguYCKnwjlACJ15Yjfh3xzjF_O9xiY811fmfpYkBR2od_0U2jJRe842VVmGrYN8BVsciE77LgxpigOXSRo3UPZi65ds8ExFyU&state=36b660c4d26fbca5 400 1508 - 16.441 ms  

[2024-12-13T12:38:21.821Z] info:  GET /spotify/connect   -  ms

[2024-12-13T12:38:41.724Z] info:  GET /spotify/connect   -  ms

[2024-12-13T12:38:42.123Z] info:  GET /spotify/callback?code=AQDOq9GSUbgRRyGRGL0IWsXPRgriObRql1m6ei_7uVUxeZWGtc93PgUOeBmFfyFUaPS9J6VOsyFFbIvyV7nVgyPkhs7xcX3HUzSQfNAosLzyFh2wd32HazWEWNbp4JqFckYjLemwhglpEvTHzuBANHDoAxOEqYW4Xq6UpUd5ZpEhe0i8sUpGz2JmasXVtDpYgG8vJAox_w-HJDZ-7EK_7O255A4hPD0AWugEZVvE&state=c3ad3fdfbef01608   -  ms

[2024-12-13T12:38:42.139Z] error:  GET /spotify/callback?code=AQDOq9GSUbgRRyGRGL0IWsXPRgriObRql1m6ei_7uVUxeZWGtc93PgUOeBmFfyFUaPS9J6VOsyFFbIvyV7nVgyPkhs7xcX3HUzSQfNAosLzyFh2wd32HazWEWNbp4JqFckYjLemwhglpEvTHzuBANHDoAxOEqYW4Xq6UpUd5ZpEhe0i8sUpGz2JmasXVtDpYgG8vJAox_w-HJDZ-7EK_7O255A4hPD0AWugEZVvE&state=c3ad3fdfbef01608 400 1508 - 13.049 ms  

[2024-12-13T12:41:25.775Z] info:  GET /spotify/connect   -  ms

[2024-12-13T12:41:27.127Z] info:  GET /spotify/connect   -  ms

[2024-12-13T12:41:27.474Z] info:  GET /spotify/callback?code=AQCdiCt7-Upe4YOIdLxVFX35WQyyin32gOXxl-8Er_yYxXpq662U0rAuI9yvLbuhACJ5WWIUu5QRr3Jmpb8vdlzGDFVdzIteHDdsi_Ish1VIB067gIP7TH9PlX-HS5RQmn5JW1KS03xAMXgR9gscSOqDMKE31fB4OaZdmGfZig7cHfACGfijRcmPf6LCUjd9cv9smzsam3gDNfpwLr1auELbuC9hlLwsRrMOgw9S&state=a00cbbe80c0b670c   -  ms

[2024-12-13T12:41:27.491Z] error:  GET /spotify/callback?code=AQCdiCt7-Upe4YOIdLxVFX35WQyyin32gOXxl-8Er_yYxXpq662U0rAuI9yvLbuhACJ5WWIUu5QRr3Jmpb8vdlzGDFVdzIteHDdsi_Ish1VIB067gIP7TH9PlX-HS5RQmn5JW1KS03xAMXgR9gscSOqDMKE31fB4OaZdmGfZig7cHfACGfijRcmPf6LCUjd9cv9smzsam3gDNfpwLr1auELbuC9hlLwsRrMOgw9S&state=a00cbbe80c0b670c 400 1668 - 13.715 ms  

[2024-12-13T12:42:28.165Z] info:  GET /spotify/connect   -  ms

[2024-12-13T12:42:29.022Z] info:  GET /spotify/connect   -  ms

[2024-12-13T12:42:29.385Z] info:  GET /spotify/callback?code=AQClMSQ4qDJceayM2lScvtOV9sj91fEbkYd5ZtCN42BR68Pi9lO4-36HQ6CV9dbCLENKNK2H4WMQKO4HWnfc8wjLJ4TZL01WeAF7bgRZZDLCTpyVWR-Rk2qFBVb2i6f_ypnNdZ7TazumjZaxesTfWiKlTiq2Uwp0qbH_EPdyPLCeauZAx1I6XoacA_qQXoWQFi2rzOrBVYiqO28tT51w2fvtf2jwCyz0piiOcUAY&state=1875c7ce549a220f   -  ms

[2024-12-13T12:42:29.399Z] error:  GET /spotify/callback?code=AQClMSQ4qDJceayM2lScvtOV9sj91fEbkYd5ZtCN42BR68Pi9lO4-36HQ6CV9dbCLENKNK2H4WMQKO4HWnfc8wjLJ4TZL01WeAF7bgRZZDLCTpyVWR-Rk2qFBVb2i6f_ypnNdZ7TazumjZaxesTfWiKlTiq2Uwp0qbH_EPdyPLCeauZAx1I6XoacA_qQXoWQFi2rzOrBVYiqO28tT51w2fvtf2jwCyz0piiOcUAY&state=1875c7ce549a220f 400 1668 - 11.348 ms  

[2024-12-13T13:09:58.907Z] info:  GET /spotify/connect   -  ms

[2024-12-13T13:10:01.186Z] info:  GET /spotify/connect   -  ms

[2024-12-13T13:10:03.478Z] info:  GET /spotify/callback?code=AQAcc3r5n21UMk10ezmAXkdm0YYv6qNr_orxhLnOl3kytG74-2xOAlVkdBGRdajFAZodDQ_1E99P9UrROTFkqHgL5TckA44V1cx1oPipQnXUmqOfwmkK_Mw1B_LWB0aQvag7LVP9YA02xN31_j06E5LwQC0XA8quKWEcdzG-uPz7pobWbs_x62v_8Laq-Q3mRA6pgFVlcvw21XSYL-UQmlndEozcxyT6qcD9QSTh&state=20df3f46470a087d   -  ms

[2024-12-13T13:10:03.495Z] error:  GET /spotify/callback?code=AQAcc3r5n21UMk10ezmAXkdm0YYv6qNr_orxhLnOl3kytG74-2xOAlVkdBGRdajFAZodDQ_1E99P9UrROTFkqHgL5TckA44V1cx1oPipQnXUmqOfwmkK_Mw1B_LWB0aQvag7LVP9YA02xN31_j06E5LwQC0XA8quKWEcdzG-uPz7pobWbs_x62v_8Laq-Q3mRA6pgFVlcvw21XSYL-UQmlndEozcxyT6qcD9QSTh&state=20df3f46470a087d 400 1236 - 12.805 ms  

[2024-12-13T13:10:36.063Z] info:  GET /spotify/connect   -  ms

[2024-12-13T13:10:37.677Z] info:  GET /spotify/connect   -  ms

[2024-12-13T13:10:40.926Z] info:  GET /spotify/callback?code=AQDm_LWjs5CUFct6LB470YoEURQceRIWdveRy9oORPpvPeiSqVIVaTvFaUNLVfdzufhIJAqiSIHj1xQhXsBbmiv19dPGCWTFqoYLAEwF7rWu5lkPQQMA7WSK-9t71ExNCzzM-nWOGypNWup88AmpEuxiPZpVDRAwPE1TyMKpuJE_WtXWTyvlY_PHvZF_isB8NIpvlpfPQGIHe8QmJe_LLlBVm2vVmMHLaHLFXFa-&state=26dd3455b2d53d8e   -  ms

[2024-12-13T13:10:40.931Z] error: 37261 GET /spotify/callback?code=AQDm_LWjs5CUFct6LB470YoEURQceRIWdveRy9oORPpvPeiSqVIVaTvFaUNLVfdzufhIJAqiSIHj1xQhXsBbmiv19dPGCWTFqoYLAEwF7rWu5lkPQQMA7WSK-9t71ExNCzzM-nWOGypNWup88AmpEuxiPZpVDRAwPE1TyMKpuJE_WtXWTyvlY_PHvZF_isB8NIpvlpfPQGIHe8QmJe_LLlBVm2vVmMHLaHLFXFa-&state=26dd3455b2d53d8e 400 59 - 4.067 ms State mismatch Error: State mismatch
    at /Users/sibusiso/Documents/code/music_concert_project/music_events_app/src/services/spotify-service/index.ts:43:15
    at Generator.next (<anonymous>)
    at /Users/sibusiso/Documents/code/music_concert_project/music_events_app/src/services/spotify-service/index.ts:8:71
    at new Promise (<anonymous>)
    at __awaiter (/Users/sibusiso/Documents/code/music_concert_project/music_events_app/src/services/spotify-service/index.ts:4:12)
    at Function.SpotifyService.connectSpotifyComplete (/Users/sibusiso/Documents/code/music_concert_project/music_events_app/src/services/spotify-service/index.ts:33:75)
    at /Users/sibusiso/Documents/code/music_concert_project/music_events_app/src/controllers/spotify-controller/index.ts:16:33
    at Generator.next (<anonymous>)
    at /Users/sibusiso/Documents/code/music_concert_project/music_events_app/src/controllers/spotify-controller/index.ts:8:71
    at new Promise (<anonymous>)

[2024-12-13T13:11:20.921Z] info:  GET /spotify/connect   -  ms

[2024-12-13T13:11:21.514Z] info:  GET /spotify/connect   -  ms

[2024-12-13T13:11:22.886Z] info:  GET /spotify/callback?code=AQB5LJVbVar9LoR0BOlELIzf6TDg3Kx-AP3ogwTF7wVgUk3n7lgooOoeryWubUx0kWIJnIA30SHVRlpS7TgTmB5iDjq9jRx9HL9fGGMaU18h28RI3JszZHtcw97yeLr2DnyCNIAdsK61YsugDuihqiBEyEajFEDURQhK4hFpiE8YuEtLUYP88WCGphGiyLnU81i2cE7eDV0i1fo0dIl0T00wwS2aQZimFBOXDsQ-&state=36dc26bd6cf261a1   -  ms

[2024-12-13T13:11:22.898Z] error: 521866 GET /spotify/callback?code=AQB5LJVbVar9LoR0BOlELIzf6TDg3Kx-AP3ogwTF7wVgUk3n7lgooOoeryWubUx0kWIJnIA30SHVRlpS7TgTmB5iDjq9jRx9HL9fGGMaU18h28RI3JszZHtcw97yeLr2DnyCNIAdsK61YsugDuihqiBEyEajFEDURQhK4hFpiE8YuEtLUYP88WCGphGiyLnU81i2cE7eDV0i1fo0dIl0T00wwS2aQZimFBOXDsQ-&state=36dc26bd6cf261a1 400 60 - 10.404 ms State mismatch Error: State mismatch
    at /Users/sibusiso/Documents/code/music_concert_project/music_events_app/src/services/spotify-service/index.ts:43:15
    at Generator.next (<anonymous>)
    at /Users/sibusiso/Documents/code/music_concert_project/music_events_app/src/services/spotify-service/index.ts:8:71
    at new Promise (<anonymous>)
    at __awaiter (/Users/sibusiso/Documents/code/music_concert_project/music_events_app/src/services/spotify-service/index.ts:4:12)
    at Function.SpotifyService.connectSpotifyComplete (/Users/sibusiso/Documents/code/music_concert_project/music_events_app/src/services/spotify-service/index.ts:33:75)
    at /Users/sibusiso/Documents/code/music_concert_project/music_events_app/src/controllers/spotify-controller/index.ts:16:33
    at Generator.next (<anonymous>)
    at /Users/sibusiso/Documents/code/music_concert_project/music_events_app/src/controllers/spotify-controller/index.ts:8:71
    at new Promise (<anonymous>)

[2024-12-13T13:11:47.262Z] info:  GET /spotify/connect   -  ms

[2024-12-13T13:11:52.928Z] info:  GET /spotify/connect   -  ms

[2024-12-13T13:11:57.166Z] info:  GET /spotify/callback?code=AQBuHaW9kNBL06am1eQ1vUC01dr8eQH-JLWP2VK_fYvrtqcPIfkSZcDVubkpeQbubImGiCIktjH7XulguD9cF1y5-Ln45Yyek2EbZnrFBGHLB2UkfbSgK_QNWzp1CH96_uwSw8uy3g3LntIH8z3UUeaI8TrIRJATMbUe5LAt6ETzxr6knMDWzo3iEgKjoDL03FPqtmg2uddcnFb9k7pZRvLEdaMm7eM5Z0dJPpVz&state=97f4c03cd5ae3074   -  ms

[2024-12-13T13:13:34.413Z] info:  GET /spotify/callback?code=AQBuHaW9kNBL06am1eQ1vUC01dr8eQH-JLWP2VK_fYvrtqcPIfkSZcDVubkpeQbubImGiCIktjH7XulguD9cF1y5-Ln45Yyek2EbZnrFBGHLB2UkfbSgK_QNWzp1CH96_uwSw8uy3g3LntIH8z3UUeaI8TrIRJATMbUe5LAt6ETzxr6knMDWzo3iEgKjoDL03FPqtmg2uddcnFb9k7pZRvLEdaMm7eM5Z0dJPpVz&state=97f4c03cd5ae3074   -  ms

[2024-12-13T13:13:34.423Z] error: 604213 GET /spotify/callback?code=AQBuHaW9kNBL06am1eQ1vUC01dr8eQH-JLWP2VK_fYvrtqcPIfkSZcDVubkpeQbubImGiCIktjH7XulguD9cF1y5-Ln45Yyek2EbZnrFBGHLB2UkfbSgK_QNWzp1CH96_uwSw8uy3g3LntIH8z3UUeaI8TrIRJATMbUe5LAt6ETzxr6knMDWzo3iEgKjoDL03FPqtmg2uddcnFb9k7pZRvLEdaMm7eM5Z0dJPpVz&state=97f4c03cd5ae3074 400 60 - 8.923 ms State mismatch Error: State mismatch
    at /Users/sibusiso/Documents/code/music_concert_project/music_events_app/src/services/spotify-service/index.ts:43:19
    at Generator.next (<anonymous>)
    at /Users/sibusiso/Documents/code/music_concert_project/music_events_app/src/services/spotify-service/index.ts:8:71
    at new Promise (<anonymous>)
    at __awaiter (/Users/sibusiso/Documents/code/music_concert_project/music_events_app/src/services/spotify-service/index.ts:4:12)
    at Function.SpotifyService.connectSpotifyComplete (/Users/sibusiso/Documents/code/music_concert_project/music_events_app/src/services/spotify-service/index.ts:33:75)
    at /Users/sibusiso/Documents/code/music_concert_project/music_events_app/src/controllers/spotify-controller/index.ts:16:33
    at Generator.next (<anonymous>)
    at /Users/sibusiso/Documents/code/music_concert_project/music_events_app/src/controllers/spotify-controller/index.ts:8:71
    at new Promise (<anonymous>)

